Using pre-set license
Built from '2021.1/staging' branch; Version is '2021.1.15f1 (e767a7370072) revision 15165351'; Using compiler version '192528614'; Build Type 'Release'
OS: 'Windows 10 Home Single Language; OS build 22000.856; Version 2009; 64bit' Language: 'en' Physical Memory: 16295 MB
BatchMode: 1, IsHumanControllingUs: 0, StartBugReporterOnCrash: 0, Is64bit: 1, IsPro: 0

 COMMAND LINE ARGUMENTS:
D:\suraksha\UnityProject\2021.1.15f1\Editor\Unity.exe
-adb2
-batchMode
-noUpm
-name
AssetImportWorker0
-projectPath
D:/suraksha/UnityProject/TestingVR
-logFile
Logs/AssetImportWorker0.log
-srvPort
49369
Successfully changed project path to: D:/suraksha/UnityProject/TestingVR
D:/suraksha/UnityProject/TestingVR
Using Asset Import Pipeline V2.
Refreshing native plugins compatible for Editor in 298.58 ms, found 8 plugins.
Preloading 1 native plugins for Editor in 0.51 ms.
Initialize engine version: 2021.1.15f1 (e767a7370072)
[Subsystems] Discovering subsystems at path D:/suraksha/UnityProject/2021.1.15f1/Editor/Data/Resources/UnitySubsystems
[Subsystems] Discovering subsystems at path D:/suraksha/UnityProject/TestingVR/Assets
GfxDevice: creating device client; threaded=0; jobified=0
Direct3D:
    Version:  Direct3D 11.0 [level 11.1]
    Renderer: NVIDIA GeForce GTX 1650 (ID=0x1f91)
    Vendor:   NVIDIA
    VRAM:     3962 MB
    Driver:   27.21.14.6230
Shader 'Oculus/OVRMRCameraFrameLit': fallback shader 'Alpha-Diffuse' not found
Initialize mono
Mono path[0] = 'D:/suraksha/UnityProject/2021.1.15f1/Editor/Data/Managed'
Mono path[1] = 'D:/suraksha/UnityProject/2021.1.15f1/Editor/Data/MonoBleedingEdge/lib/mono/unityjit'
Mono config path = 'D:/suraksha/UnityProject/2021.1.15f1/Editor/Data/MonoBleedingEdge/etc'
Using monoOptions --debugger-agent=transport=dt_socket,embedding=1,server=y,suspend=n,address=127.0.0.1:56324
Begin MonoManager ReloadAssembly
Registering precompiled unity dll's ...
Register platform support module: D:/suraksha/UnityProject/2021.1.15f1/Editor/Data/PlaybackEngines/WindowsStandaloneSupport/UnityEditor.WindowsStandalone.Extensions.dll
Registered in 0.001021 seconds.
Native extension for WindowsStandalone target not found
Refreshing native plugins compatible for Editor in 358.02 ms, found 8 plugins.
Preloading 1 native plugins for Editor in 0.09 ms.
Mono: successfully reloaded assembly
- Completed reload, in  2.886 seconds
Domain Reload Profiling:
	ReloadAssembly (2886ms)
		BeginReloadAssembly (64ms)
			ExecutionOrderSort (0ms)
			DisableScriptedObjects (0ms)
			BackupInstance (0ms)
			ReleaseScriptingObjects (0ms)
			CreateAndSetChildDomain (1ms)
		EndReloadAssembly (1138ms)
			LoadAssemblies (63ms)
			RebuildTransferFunctionScriptingTraits (0ms)
			SetupTypeCache (243ms)
			ReleaseScriptCaches (0ms)
			RebuildScriptCaches (92ms)
			SetupLoadedEditorAssemblies (685ms)
				LogAssemblyErrors (0ms)
				InitializePlatformSupportModulesInManaged (16ms)
				SetLoadedEditorAssemblies (1ms)
				RefreshPlugins (358ms)
				BeforeProcessingInitializeOnLoad (4ms)
				ProcessInitializeOnLoadAttributes (225ms)
				ProcessInitializeOnLoadMethodAttributes (80ms)
				AfterProcessingInitializeOnLoad (0ms)
				EditorAssembliesLoaded (1ms)
			ExecutionOrderSort2 (0ms)
			AwakeInstancesAfterBackupRestoration (0ms)
Platform modules already initialized, skipping
Registering precompiled user dll's ...
Registered in 0.012483 seconds.
Begin MonoManager ReloadAssembly
Symbol file LoadedFromMemory doesn't match image D:\suraksha\UnityProject\TestingVR\Library\PackageCache\com.unity.visualscripting@1.6.1\Editor\VisualScripting.Core\Dependencies\DotNetZip\Unity.VisualScripting.IonicZip.dll
Symbol file LoadedFromMemory doesn't match image D:\suraksha\UnityProject\TestingVR\Library\PackageCache\com.unity.visualscripting@1.6.1\Editor\VisualScripting.Core\Dependencies\YamlDotNet\Unity.VisualScripting.YamlDotNet.dll
Native extension for WindowsStandalone target not found
Refreshing native plugins compatible for Editor in 1.70 ms, found 8 plugins.
Preloading 1 native plugins for Editor in 0.04 ms.
[XR] OculusXRPlugin: registering subsystems
[XR] Unable to register display lifecyle provider: [1]
[XR] Oculus Input lifecycle provider registered.
[XR] Unable to register input lifecyle provider: [1]
[XR] OVRP version 1.74.0
Mono: successfully reloaded assembly
- Completed reload, in  2.664 seconds
Domain Reload Profiling:
	ReloadAssembly (2665ms)
		BeginReloadAssembly (309ms)
			ExecutionOrderSort (0ms)
			DisableScriptedObjects (6ms)
			BackupInstance (0ms)
			ReleaseScriptingObjects (0ms)
			CreateAndSetChildDomain (42ms)
		EndReloadAssembly (2208ms)
			LoadAssemblies (220ms)
			RebuildTransferFunctionScriptingTraits (0ms)
			SetupTypeCache (743ms)
			ReleaseScriptCaches (1ms)
			RebuildScriptCaches (139ms)
			SetupLoadedEditorAssemblies (979ms)
				LogAssemblyErrors (0ms)
				InitializePlatformSupportModulesInManaged (7ms)
				SetLoadedEditorAssemblies (1ms)
				RefreshPlugins (2ms)
				BeforeProcessingInitializeOnLoad (203ms)
				ProcessInitializeOnLoadAttributes (559ms)
				ProcessInitializeOnLoadMethodAttributes (203ms)
				AfterProcessingInitializeOnLoad (4ms)
				EditorAssembliesLoaded (1ms)
			ExecutionOrderSort2 (0ms)
			AwakeInstancesAfterBackupRestoration (22ms)
Platform modules already initialized, skipping
========================================================================
Worker process is ready to serve import requests
Shader 'Oculus/OVRMRCameraFrameLit': fallback shader 'Alpha-Diffuse' not found
Launched and connected shader compiler UnityShaderCompiler.exe after 0.10 seconds
Refreshing native plugins compatible for Editor in 2.75 ms, found 8 plugins.
Preloading 1 native plugins for Editor in 0.08 ms.
Unloading 4768 Unused Serialized files (Serialized files now loaded: 0)
System memory in use before: 188.1 MB.
System memory in use after: 188.3 MB.

Unloading 139 unused Assets to reduce memory usage. Loaded Objects now: 5186.
Total: 8.932600 ms (FindLiveObjects: 0.632900 ms CreateObjectMapping: 0.499700 ms MarkObjects: 7.406100 ms  DeleteObjects: 0.391700 ms)

AssetImportParameters requested are different than current active one (requested -> active):
  custom:framework-win-MediaFoundation: 216162199b28c13a410421893ffa2e32 -> 
  custom:video-decoder-ogg-theora: a1e56fd34408186e4bbccfd4996cb3dc -> 
  custom:container-muxer-webm: aa71ff27fc2769a1b78a27578f13a17b -> 
  custom:container-demuxer-webm: 4f35f7cbe854078d1ac9338744f61a02 -> 
  custom:container-demuxer-ogg: 62fdf1f143b41e24485cea50d1cbac27 -> 
  custom:video-encoder-webm-vp8: eb34c28f22e8b96e1ab97ce403110664 -> 
  custom:video-codec-MediaFoundation-h265: 746d11721c4dcdbdad8f713fa42b33f4 -> 
  custom:video-decoder-webm-vp8: 9c59270c3fd7afecdb556c50c9e8de78 -> 
  custom:audio-decoder-ogg-vorbis: bf7c407c2cedff20999df2af8eb42d56 -> 
  custom:audio-encoder-webm-vorbis: bf7c407c2cedff20999df2af8eb42d56 -> 
========================================================================
Received Import Request.
  path: Assets/Oculus/Interaction/Samples/Scenes/Examples/GestureExamples.unity
  artifactKey: Guid(4ee2a082a0e621b49ab01667c66f1599) Importer(815301076,1909f56bfc062723c751e8b465ee728b)
Start importing Assets/Oculus/Interaction/Samples/Scenes/Examples/GestureExamples.unity using Guid(4ee2a082a0e621b49ab01667c66f1599) Importer(815301076,1909f56bfc062723c751e8b465ee728b)  -> (artifact id: '1552b512b2859bcc698338e6d256d6b7') in 0.060709 seconds 
========================================================================
Received Prepare
Shader 'Oculus/OVRMRCameraFrameLit': fallback shader 'Alpha-Diffuse' not found
Refreshing native plugins compatible for Editor in 14.55 ms, found 8 plugins.
Preloading 1 native plugins for Editor in 0.06 ms.
Unloading 45 Unused Serialized files (Serialized files now loaded: 0)
System memory in use before: 85.8 MB.
System memory in use after: 86.1 MB.

Unloading 45 unused Assets to reduce memory usage. Loaded Objects now: 5186.
Total: 16.094900 ms (FindLiveObjects: 0.995400 ms CreateObjectMapping: 0.397700 ms MarkObjects: 14.302900 ms  DeleteObjects: 0.395300 ms)

AssetImportParameters requested are different than current active one (requested -> active):
  colorSpace: 1 -> 0
  custom:framework-win-MediaFoundation: 216162199b28c13a410421893ffa2e32 -> 
  custom:video-decoder-ogg-theora: a1e56fd34408186e4bbccfd4996cb3dc -> 
  custom:container-muxer-webm: aa71ff27fc2769a1b78a27578f13a17b -> 
  custom:container-demuxer-webm: 4f35f7cbe854078d1ac9338744f61a02 -> 
  custom:container-demuxer-ogg: 62fdf1f143b41e24485cea50d1cbac27 -> 
  custom:video-encoder-webm-vp8: eb34c28f22e8b96e1ab97ce403110664 -> 
  custom:video-codec-MediaFoundation-h265: 746d11721c4dcdbdad8f713fa42b33f4 -> 
  custom:video-decoder-webm-vp8: 9c59270c3fd7afecdb556c50c9e8de78 -> 
  custom:audio-decoder-ogg-vorbis: bf7c407c2cedff20999df2af8eb42d56 -> 
  custom:audio-encoder-webm-vorbis: bf7c407c2cedff20999df2af8eb42d56 -> 
========================================================================
Received Prepare
Shader 'Oculus/OVRMRCameraFrameLit': fallback shader 'Alpha-Diffuse' not found
Refreshing native plugins compatible for Editor in 9123.79 ms, found 8 plugins.
Preloading 1 native plugins for Editor in 0.10 ms.
Unloading 45 Unused Serialized files (Serialized files now loaded: 0)
System memory in use before: 84.3 MB.
System memory in use after: 84.6 MB.

Unloading 45 unused Assets to reduce memory usage. Loaded Objects now: 5186.
Total: 8.016100 ms (FindLiveObjects: 0.774700 ms CreateObjectMapping: 0.600600 ms MarkObjects: 6.519600 ms  DeleteObjects: 0.118900 ms)

AssetImportParameters requested are different than current active one (requested -> active):
  custom:framework-win-MediaFoundation: 216162199b28c13a410421893ffa2e32 -> 
  custom:video-decoder-ogg-theora: a1e56fd34408186e4bbccfd4996cb3dc -> 
  custom:container-muxer-webm: aa71ff27fc2769a1b78a27578f13a17b -> 
  custom:container-demuxer-webm: 4f35f7cbe854078d1ac9338744f61a02 -> 
  custom:container-demuxer-ogg: 62fdf1f143b41e24485cea50d1cbac27 -> 
  custom:video-encoder-webm-vp8: eb34c28f22e8b96e1ab97ce403110664 -> 
  custom:video-codec-MediaFoundation-h265: 746d11721c4dcdbdad8f713fa42b33f4 -> 
  custom:video-decoder-webm-vp8: 9c59270c3fd7afecdb556c50c9e8de78 -> 
  custom:audio-decoder-ogg-vorbis: bf7c407c2cedff20999df2af8eb42d56 -> 
  custom:audio-encoder-webm-vorbis: bf7c407c2cedff20999df2af8eb42d56 -> 
========================================================================
Received Prepare
Shader 'Oculus/OVRMRCameraFrameLit': fallback shader 'Alpha-Diffuse' not found
Refreshing native plugins compatible for Editor in 6.66 ms, found 8 plugins.
Preloading 1 native plugins for Editor in 0.03 ms.
Unloading 45 Unused Serialized files (Serialized files now loaded: 0)
System memory in use before: 84.3 MB.
System memory in use after: 84.6 MB.

Unloading 45 unused Assets to reduce memory usage. Loaded Objects now: 5186.
Total: 3.666100 ms (FindLiveObjects: 0.341500 ms CreateObjectMapping: 0.193700 ms MarkObjects: 3.078600 ms  DeleteObjects: 0.051400 ms)

AssetImportParameters requested are different than current active one (requested -> active):
  custom:framework-win-MediaFoundation: 216162199b28c13a410421893ffa2e32 -> 
  custom:video-decoder-ogg-theora: a1e56fd34408186e4bbccfd4996cb3dc -> 
  custom:container-muxer-webm: aa71ff27fc2769a1b78a27578f13a17b -> 
  custom:container-demuxer-webm: 4f35f7cbe854078d1ac9338744f61a02 -> 
  custom:container-demuxer-ogg: 62fdf1f143b41e24485cea50d1cbac27 -> 
  custom:video-encoder-webm-vp8: eb34c28f22e8b96e1ab97ce403110664 -> 
  custom:video-codec-MediaFoundation-h265: 746d11721c4dcdbdad8f713fa42b33f4 -> 
  custom:video-decoder-webm-vp8: 9c59270c3fd7afecdb556c50c9e8de78 -> 
  custom:audio-decoder-ogg-vorbis: bf7c407c2cedff20999df2af8eb42d56 -> 
  custom:audio-encoder-webm-vorbis: bf7c407c2cedff20999df2af8eb42d56 -> 
========================================================================
Received Prepare
Shader 'Oculus/OVRMRCameraFrameLit': fallback shader 'Alpha-Diffuse' not found
Refreshing native plugins compatible for Editor in 6.89 ms, found 8 plugins.
Preloading 1 native plugins for Editor in 0.04 ms.
Unloading 45 Unused Serialized files (Serialized files now loaded: 0)
System memory in use before: 84.4 MB.
System memory in use after: 84.6 MB.

Unloading 45 unused Assets to reduce memory usage. Loaded Objects now: 5186.
Total: 4.174300 ms (FindLiveObjects: 0.347700 ms CreateObjectMapping: 0.167700 ms MarkObjects: 3.596600 ms  DeleteObjects: 0.061200 ms)

AssetImportParameters requested are different than current active one (requested -> active):
  custom:framework-win-MediaFoundation: 216162199b28c13a410421893ffa2e32 -> 
  custom:video-decoder-ogg-theora: a1e56fd34408186e4bbccfd4996cb3dc -> 
  custom:container-muxer-webm: aa71ff27fc2769a1b78a27578f13a17b -> 
  custom:container-demuxer-webm: 4f35f7cbe854078d1ac9338744f61a02 -> 
  custom:container-demuxer-ogg: 62fdf1f143b41e24485cea50d1cbac27 -> 
  custom:video-encoder-webm-vp8: eb34c28f22e8b96e1ab97ce403110664 -> 
  custom:video-codec-MediaFoundation-h265: 746d11721c4dcdbdad8f713fa42b33f4 -> 
  custom:video-decoder-webm-vp8: 9c59270c3fd7afecdb556c50c9e8de78 -> 
  custom:audio-decoder-ogg-vorbis: bf7c407c2cedff20999df2af8eb42d56 -> 
  custom:audio-encoder-webm-vorbis: bf7c407c2cedff20999df2af8eb42d56 -> 
========================================================================
Received Import Request.
  Time since last request: 6531.159271 seconds.
  path: Assets/Oculus/Interaction/Samples/ThirdParty/Textures/EnvironmentMaps/photo_studio_broadway_hall_1k.exr
  artifactKey: Guid(02087f394db194f44b28f48e3a72c70b) Importer(815301076,1909f56bfc062723c751e8b465ee728b)
Start importing Assets/Oculus/Interaction/Samples/ThirdParty/Textures/EnvironmentMaps/photo_studio_broadway_hall_1k.exr using Guid(02087f394db194f44b28f48e3a72c70b) Importer(815301076,1909f56bfc062723c751e8b465ee728b)  -> (artifact id: 'ab1d73981896b41748e296768210b37d') in 0.314659 seconds 
========================================================================
Received Import Request.
  Time since last request: 253.272402 seconds.
  path: Assets/Oculus/SampleFramework/Usage/StartScene
  artifactKey: Guid(ae22e7b9289cbc24c9e67d400635dac2) Importer(815301076,1909f56bfc062723c751e8b465ee728b)
Start importing Assets/Oculus/SampleFramework/Usage/StartScene using Guid(ae22e7b9289cbc24c9e67d400635dac2) Importer(815301076,1909f56bfc062723c751e8b465ee728b)  -> (artifact id: 'f850799bf93923256b73a0113fba15e6') in 0.005821 seconds 
========================================================================
Received Import Request.
  Time since last request: 8.418413 seconds.
  path: Assets/Oculus/SampleFramework/Usage/StartScene.unity
  artifactKey: Guid(071fba5195bd4b04eab8668985aa1683) Importer(815301076,1909f56bfc062723c751e8b465ee728b)
Start importing Assets/Oculus/SampleFramework/Usage/StartScene.unity using Guid(071fba5195bd4b04eab8668985aa1683) Importer(815301076,1909f56bfc062723c751e8b465ee728b)  -> (artifact id: '8e2f80c6998126003cade729be3ddfc2') in 0.005777 seconds 
========================================================================
Received Import Request.
  Time since last request: 73.408881 seconds.
  path: Assets/Oculus/SampleFramework/Usage/StartScene/Textures/BlackCubemap.png
  artifactKey: Guid(b40a1cb5f1124ec489cc1e7a533e46e6) Importer(815301076,1909f56bfc062723c751e8b465ee728b)
Start importing Assets/Oculus/SampleFramework/Usage/StartScene/Textures/BlackCubemap.png using Guid(b40a1cb5f1124ec489cc1e7a533e46e6) Importer(815301076,1909f56bfc062723c751e8b465ee728b)  -> (artifact id: '9b00d2306e3f7647c007d9d349531281') in 0.044196 seconds 
========================================================================
Received Import Request.
  Time since last request: 0.610064 seconds.
  path: Assets/Oculus/SampleFramework/Usage/StartScene/Textures/Loading.png
  artifactKey: Guid(2b183318621228543aa9c27a736a1493) Importer(815301076,1909f56bfc062723c751e8b465ee728b)
Start importing Assets/Oculus/SampleFramework/Usage/StartScene/Textures/Loading.png using Guid(2b183318621228543aa9c27a736a1493) Importer(815301076,1909f56bfc062723c751e8b465ee728b)  -> (artifact id: '927d47c44cfbc051073c84317c66880b') in 0.033473 seconds 
========================================================================
Received Prepare
Registering precompiled user dll's ...
Registered in 0.773319 seconds.
Begin MonoManager ReloadAssembly
Symbol file LoadedFromMemory doesn't match image D:\suraksha\UnityProject\TestingVR\Library\PackageCache\com.unity.visualscripting@1.6.1\Editor\VisualScripting.Core\Dependencies\DotNetZip\Unity.VisualScripting.IonicZip.dll
Symbol file LoadedFromMemory doesn't match image D:\suraksha\UnityProject\TestingVR\Library\PackageCache\com.unity.visualscripting@1.6.1\Editor\VisualScripting.Core\Dependencies\YamlDotNet\Unity.VisualScripting.YamlDotNet.dll
Native extension for WindowsStandalone target not found
Refreshing native plugins compatible for Editor in 2.16 ms, found 8 plugins.
Preloading 1 native plugins for Editor in 0.05 ms.
System.TypeInitializationException: The type initializer for 'Doozy.Engine.Utils.DoozyPath' threw an exception. ---> System.ArgumentException: The specified path is not of a legal form (empty).
  at System.IO.Path.InsecureGetFullPath (System.String path) [0x00025] in <695d1cc93cca45069c528c15c9fdd749>:0 
  at System.IO.Path.GetFullPathInternal (System.String path) [0x00000] in <695d1cc93cca45069c528c15c9fdd749>:0 
  at System.IO.FileInfo.Init (System.String fileName, System.Boolean checkHost) [0x00007] in <695d1cc93cca45069c528c15c9fdd749>:0 
  at System.IO.FileInfo..ctor (System.String fileName) [0x00014] in <695d1cc93cca45069c528c15c9fdd749>:0 
  at (wrapper remoting-invoke-with-check) System.IO.FileInfo..ctor(string)
  at Doozy.Engine.Utils.DoozyPath.get_BasePath () [0x0003b] in D:\suraksha\UnityProject\TestingVR\Assets\Doozy\Engine\Utils\DoozyPath.cs:158 
  at Doozy.Engine.Utils.DoozyPath..cctor () [0x00000] in D:\suraksha\UnityProject\TestingVR\Assets\Doozy\Engine\Utils\DoozyPath.cs:62 
   --- End of inner exception stack trace ---
  at Doozy.Editor.Internal.ProcessorsSettings.get_Instance () [0x00018] in D:\suraksha\UnityProject\TestingVR\Assets\Doozy\Editor\Internal\ProcessorsSettings.cs:23 
  at Doozy.Editor.Internal.DoozyAssetsProcessor.ExecuteProcessor () [0x0003f] in D:\suraksha\UnityProject\TestingVR\Assets\Doozy\Editor\Internal\DoozyAssetsProcessor.cs:44 
  at Doozy.Editor.Internal.DoozyAssetsProcessor..cctor () [0x00001] in D:\suraksha\UnityProject\TestingVR\Assets\Doozy\Editor\Internal\DoozyAssetsProcessor.cs:25 
UnityEngine.StackTraceUtility:ExtractStackTrace ()
UnityEngine.DebugLogHandler:LogFormat (UnityEngine.LogType,UnityEngine.Object,string,object[])
UnityEngine.Logger:Log (UnityEngine.LogType,object)
UnityEngine.Debug:LogError (object)
UnityEditor.EditorAssemblies:ProcessInitializeOnLoadAttributes (System.Type[])

System.TypeInitializationException: The type initializer for 'Doozy.Engine.Utils.DoozyPath' threw an exception. ---> System.ArgumentException: The specified path is not of a legal form (empty).
  at System.IO.Path.InsecureGetFullPath (System.String path) [0x00025] in <695d1cc93cca45069c528c15c9fdd749>:0 
  at System.IO.Path.GetFullPathInternal (System.String path) [0x00000] in <695d1cc93cca45069c528c15c9fdd749>:0 
  at System.IO.FileInfo.Init (System.String fileName, System.Boolean checkHost) [0x00007] in <695d1cc93cca45069c528c15c9fdd749>:0 
  at System.IO.FileInfo..ctor (System.String fileName) [0x00014] in <695d1cc93cca45069c528c15c9fdd749>:0 
  at (wrapper remoting-invoke-with-check) System.IO.FileInfo..ctor(string)
  at Doozy.Engine.Utils.DoozyPath.get_BasePath () [0x0003b] in D:\suraksha\UnityProject\TestingVR\Assets\Doozy\Engine\Utils\DoozyPath.cs:158 
  at Doozy.Engine.Utils.DoozyPath..cctor () [0x00000] in D:\suraksha\UnityProject\TestingVR\Assets\Doozy\Engine\Utils\DoozyPath.cs:62 
   --- End of inner exception stack trace ---
  at Doozy.Editor.Internal.ProcessorsSettings.get_Instance () [0x00018] in D:\suraksha\UnityProject\TestingVR\Assets\Doozy\Editor\Internal\ProcessorsSettings.cs:23 
  at Doozy.Editor.Internal.FoldersProcessor.ExecuteProcessor () [0x0000c] in D:\suraksha\UnityProject\TestingVR\Assets\Doozy\Editor\Internal\FoldersProcessor.cs:20 
  at Doozy.Editor.Internal.FoldersProcessor..cctor () [0x00001] in D:\suraksha\UnityProject\TestingVR\Assets\Doozy\Editor\Internal\FoldersProcessor.cs:15 
UnityEngine.StackTraceUtility:ExtractStackTrace ()
UnityEngine.DebugLogHandler:LogFormat (UnityEngine.LogType,UnityEngine.Object,string,object[])
UnityEngine.Logger:Log (UnityEngine.LogType,object)
UnityEngine.Debug:LogError (object)
UnityEditor.EditorAssemblies:ProcessInitializeOnLoadAttributes (System.Type[])

Mono: successfully reloaded assembly
- Completed reload, in  2.159 seconds
Domain Reload Profiling:
	ReloadAssembly (2159ms)
		BeginReloadAssembly (138ms)
			ExecutionOrderSort (0ms)
			DisableScriptedObjects (5ms)
			BackupInstance (0ms)
			ReleaseScriptingObjects (0ms)
			CreateAndSetChildDomain (59ms)
		EndReloadAssembly (1964ms)
			LoadAssemblies (88ms)
			RebuildTransferFunctionScriptingTraits (0ms)
			SetupTypeCache (474ms)
			ReleaseScriptCaches (1ms)
			RebuildScriptCaches (70ms)
			SetupLoadedEditorAssemblies (951ms)
				LogAssemblyErrors (0ms)
				InitializePlatformSupportModulesInManaged (5ms)
				SetLoadedEditorAssemblies (0ms)
				RefreshPlugins (2ms)
				BeforeProcessingInitializeOnLoad (75ms)
				ProcessInitializeOnLoadAttributes (484ms)
				ProcessInitializeOnLoadMethodAttributes (383ms)
				AfterProcessingInitializeOnLoad (1ms)
				EditorAssembliesLoaded (0ms)
			ExecutionOrderSort2 (0ms)
			AwakeInstancesAfterBackupRestoration (15ms)
Platform modules already initialized, skipping
Switching build target platform(19) subTarget(0) extendedPlatform(0) -> platform(13) subTarget(524294) extendedPlatform(0)
Shader 'Oculus/OVRMRCameraFrameLit': fallback shader 'Alpha-Diffuse' not found
Refreshing native plugins compatible for Editor in 1.40 ms, found 8 plugins.
Preloading 1 native plugins for Editor in 0.04 ms.
Unloading 4664 Unused Serialized files (Serialized files now loaded: 0)
System memory in use before: 188.9 MB.
System memory in use after: 189.1 MB.

Unloading 126 unused Assets to reduce memory usage. Loaded Objects now: 5267.
Total: 3.306500 ms (FindLiveObjects: 0.341000 ms CreateObjectMapping: 0.184400 ms MarkObjects: 2.691800 ms  DeleteObjects: 0.088200 ms)

AssetImportParameters requested are different than current active one (requested -> active):
  custom:framework-win-MediaFoundation: 216162199b28c13a410421893ffa2e32 -> 
  custom:video-decoder-ogg-theora: a1e56fd34408186e4bbccfd4996cb3dc -> 
  custom:container-muxer-webm: aa71ff27fc2769a1b78a27578f13a17b -> 
  custom:container-demuxer-webm: 4f35f7cbe854078d1ac9338744f61a02 -> 
  custom:container-demuxer-ogg: 62fdf1f143b41e24485cea50d1cbac27 -> 
  custom:video-encoder-webm-vp8: eb34c28f22e8b96e1ab97ce403110664 -> 
  custom:video-codec-MediaFoundation-h265: 746d11721c4dcdbdad8f713fa42b33f4 -> 
  custom:video-decoder-webm-vp8: 9c59270c3fd7afecdb556c50c9e8de78 -> 
  custom:graphics/normal-map-encoding: 01000000000000000000000000000000 -> 02000000000000000000000000000000
  custom:audio-decoder-ogg-vorbis: bf7c407c2cedff20999df2af8eb42d56 -> 
  custom:audio-encoder-webm-vorbis: bf7c407c2cedff20999df2af8eb42d56 -> 
========================================================================
Received Prepare
Shader 'Oculus/OVRMRCameraFrameLit': fallback shader 'Alpha-Diffuse' not found
Refreshing native plugins compatible for Editor in 6.95 ms, found 8 plugins.
Preloading 1 native plugins for Editor in 0.03 ms.
Unloading 45 Unused Serialized files (Serialized files now loaded: 0)
System memory in use before: 90.8 MB.
System memory in use after: 91.1 MB.

Unloading 45 unused Assets to reduce memory usage. Loaded Objects now: 5267.
Total: 3.091800 ms (FindLiveObjects: 0.354100 ms CreateObjectMapping: 0.198000 ms MarkObjects: 2.484400 ms  DeleteObjects: 0.054300 ms)

AssetImportParameters requested are different than current active one (requested -> active):
  custom:framework-win-MediaFoundation: 216162199b28c13a410421893ffa2e32 -> 
  custom:video-decoder-ogg-theora: a1e56fd34408186e4bbccfd4996cb3dc -> 
  custom:container-muxer-webm: aa71ff27fc2769a1b78a27578f13a17b -> 
  custom:container-demuxer-webm: 4f35f7cbe854078d1ac9338744f61a02 -> 
  custom:container-demuxer-ogg: 62fdf1f143b41e24485cea50d1cbac27 -> 
  custom:video-encoder-webm-vp8: eb34c28f22e8b96e1ab97ce403110664 -> 
  custom:video-codec-MediaFoundation-h265: 746d11721c4dcdbdad8f713fa42b33f4 -> 
  custom:video-decoder-webm-vp8: 9c59270c3fd7afecdb556c50c9e8de78 -> 
  custom:audio-decoder-ogg-vorbis: bf7c407c2cedff20999df2af8eb42d56 -> 
  custom:audio-encoder-webm-vorbis: bf7c407c2cedff20999df2af8eb42d56 -> 
========================================================================
Received Prepare
Shader 'Oculus/OVRMRCameraFrameLit': fallback shader 'Alpha-Diffuse' not found
Refreshing native plugins compatible for Editor in 7.76 ms, found 8 plugins.
Preloading 1 native plugins for Editor in 0.04 ms.
Unloading 45 Unused Serialized files (Serialized files now loaded: 0)
System memory in use before: 90.8 MB.
System memory in use after: 91.1 MB.

Unloading 45 unused Assets to reduce memory usage. Loaded Objects now: 5267.
Total: 3.476300 ms (FindLiveObjects: 0.346500 ms CreateObjectMapping: 0.194300 ms MarkObjects: 2.879600 ms  DeleteObjects: 0.054800 ms)

AssetImportParameters requested are different than current active one (requested -> active):
  custom:framework-win-MediaFoundation: 216162199b28c13a410421893ffa2e32 -> 
  custom:video-decoder-ogg-theora: a1e56fd34408186e4bbccfd4996cb3dc -> 
  custom:container-muxer-webm: aa71ff27fc2769a1b78a27578f13a17b -> 
  custom:container-demuxer-webm: 4f35f7cbe854078d1ac9338744f61a02 -> 
  custom:container-demuxer-ogg: 62fdf1f143b41e24485cea50d1cbac27 -> 
  custom:video-encoder-webm-vp8: eb34c28f22e8b96e1ab97ce403110664 -> 
  custom:video-codec-MediaFoundation-h265: 746d11721c4dcdbdad8f713fa42b33f4 -> 
  custom:video-decoder-webm-vp8: 9c59270c3fd7afecdb556c50c9e8de78 -> 
  custom:audio-decoder-ogg-vorbis: bf7c407c2cedff20999df2af8eb42d56 -> 
  custom:audio-encoder-webm-vorbis: bf7c407c2cedff20999df2af8eb42d56 -> 
========================================================================
Received Import Request.
  Time since last request: 1409.872324 seconds.
  path: Assets/UIScene.unity
  artifactKey: Guid(609a61c1fb3179748a18c9a96437e6a2) Importer(815301076,1909f56bfc062723c751e8b465ee728b)
Start importing Assets/UIScene.unity using Guid(609a61c1fb3179748a18c9a96437e6a2) Importer(815301076,1909f56bfc062723c751e8b465ee728b)  -> (artifact id: '4355af9d450196bdd86e0fe615fabb46') in 0.020450 seconds 
========================================================================
Received Import Request.
  Time since last request: 17.803202 seconds.
  path: Assets/TextMesh Pro
  artifactKey: Guid(f54d1bd14bd3ca042bd867b519fee8cc) Importer(815301076,1909f56bfc062723c751e8b465ee728b)
Start importing Assets/TextMesh Pro using Guid(f54d1bd14bd3ca042bd867b519fee8cc) Importer(815301076,1909f56bfc062723c751e8b465ee728b)  -> (artifact id: '16b4cbde9565bf190136f1148817e1ea') in 0.005194 seconds 
========================================================================
Received Import Request.
  Time since last request: 2.567383 seconds.
  path: Assets/Scenes/SampleScene.unity
  artifactKey: Guid(9fc0d4010bbf28b4594072e72b8655ab) Importer(815301076,1909f56bfc062723c751e8b465ee728b)
Start importing Assets/Scenes/SampleScene.unity using Guid(9fc0d4010bbf28b4594072e72b8655ab) Importer(815301076,1909f56bfc062723c751e8b465ee728b)  -> (artifact id: '846c330fff4c64da664cbbaab86c98e9') in 0.005467 seconds 
========================================================================
Received Import Request.
  Time since last request: 129.267633 seconds.
  path: Assets/Oculus/Interaction/Samples/Prefabs/InteractionRigOVR-Basic.prefab
  artifactKey: Guid(c89b2c4e711f8a14ba3df7e4b3c71f12) Importer(815301076,1909f56bfc062723c751e8b465ee728b)
Start importing Assets/Oculus/Interaction/Samples/Prefabs/InteractionRigOVR-Basic.prefab using Guid(c89b2c4e711f8a14ba3df7e4b3c71f12) Importer(815301076,1909f56bfc062723c751e8b465ee728b)  -> (artifact id: 'b04b26297486c7bf578b8495f84a7aee') in 0.633101 seconds 
========================================================================
Received Prepare
Registering precompiled user dll's ...
Registered in 0.005487 seconds.
Begin MonoManager ReloadAssembly
Symbol file LoadedFromMemory doesn't match image D:\suraksha\UnityProject\TestingVR\Library\PackageCache\com.unity.visualscripting@1.6.1\Editor\VisualScripting.Core\Dependencies\DotNetZip\Unity.VisualScripting.IonicZip.dll
Symbol file LoadedFromMemory doesn't match image D:\suraksha\UnityProject\TestingVR\Library\PackageCache\com.unity.visualscripting@1.6.1\Editor\VisualScripting.Core\Dependencies\YamlDotNet\Unity.VisualScripting.YamlDotNet.dll
Native extension for WindowsStandalone target not found
Refreshing native plugins compatible for Editor in 1.41 ms, found 8 plugins.
Preloading 1 native plugins for Editor in 0.04 ms.
System.TypeInitializationException: The type initializer for 'Doozy.Engine.Utils.DoozyPath' threw an exception. ---> System.ArgumentException: The specified path is not of a legal form (empty).
  at System.IO.Path.InsecureGetFullPath (System.String path) [0x00025] in <695d1cc93cca45069c528c15c9fdd749>:0 
  at System.IO.Path.GetFullPathInternal (System.String path) [0x00000] in <695d1cc93cca45069c528c15c9fdd749>:0 
  at System.IO.FileInfo.Init (System.String fileName, System.Boolean checkHost) [0x00007] in <695d1cc93cca45069c528c15c9fdd749>:0 
  at System.IO.FileInfo..ctor (System.String fileName) [0x00014] in <695d1cc93cca45069c528c15c9fdd749>:0 
  at (wrapper remoting-invoke-with-check) System.IO.FileInfo..ctor(string)
  at Doozy.Engine.Utils.DoozyPath.get_BasePath () [0x0003b] in D:\suraksha\UnityProject\TestingVR\Assets\Doozy\Engine\Utils\DoozyPath.cs:158 
  at Doozy.Engine.Utils.DoozyPath..cctor () [0x00000] in D:\suraksha\UnityProject\TestingVR\Assets\Doozy\Engine\Utils\DoozyPath.cs:62 
   --- End of inner exception stack trace ---
  at Doozy.Editor.Internal.ProcessorsSettings.get_Instance () [0x00018] in D:\suraksha\UnityProject\TestingVR\Assets\Doozy\Editor\Internal\ProcessorsSettings.cs:23 
  at Doozy.Editor.Internal.DoozyAssetsProcessor.ExecuteProcessor () [0x0003f] in D:\suraksha\UnityProject\TestingVR\Assets\Doozy\Editor\Internal\DoozyAssetsProcessor.cs:44 
  at Doozy.Editor.Internal.DoozyAssetsProcessor..cctor () [0x00001] in D:\suraksha\UnityProject\TestingVR\Assets\Doozy\Editor\Internal\DoozyAssetsProcessor.cs:25 
UnityEngine.StackTraceUtility:ExtractStackTrace ()
UnityEngine.DebugLogHandler:LogFormat (UnityEngine.LogType,UnityEngine.Object,string,object[])
UnityEngine.Logger:Log (UnityEngine.LogType,object)
UnityEngine.Debug:LogError (object)
UnityEditor.EditorAssemblies:ProcessInitializeOnLoadAttributes (System.Type[])

System.TypeInitializationException: The type initializer for 'Doozy.Engine.Utils.DoozyPath' threw an exception. ---> System.ArgumentException: The specified path is not of a legal form (empty).
  at System.IO.Path.InsecureGetFullPath (System.String path) [0x00025] in <695d1cc93cca45069c528c15c9fdd749>:0 
  at System.IO.Path.GetFullPathInternal (System.String path) [0x00000] in <695d1cc93cca45069c528c15c9fdd749>:0 
  at System.IO.FileInfo.Init (System.String fileName, System.Boolean checkHost) [0x00007] in <695d1cc93cca45069c528c15c9fdd749>:0 
  at System.IO.FileInfo..ctor (System.String fileName) [0x00014] in <695d1cc93cca45069c528c15c9fdd749>:0 
  at (wrapper remoting-invoke-with-check) System.IO.FileInfo..ctor(string)
  at Doozy.Engine.Utils.DoozyPath.get_BasePath () [0x0003b] in D:\suraksha\UnityProject\TestingVR\Assets\Doozy\Engine\Utils\DoozyPath.cs:158 
  at Doozy.Engine.Utils.DoozyPath..cctor () [0x00000] in D:\suraksha\UnityProject\TestingVR\Assets\Doozy\Engine\Utils\DoozyPath.cs:62 
   --- End of inner exception stack trace ---
  at Doozy.Editor.Internal.ProcessorsSettings.get_Instance () [0x00018] in D:\suraksha\UnityProject\TestingVR\Assets\Doozy\Editor\Internal\ProcessorsSettings.cs:23 
  at Doozy.Editor.Internal.FoldersProcessor.ExecuteProcessor () [0x0000c] in D:\suraksha\UnityProject\TestingVR\Assets\Doozy\Editor\Internal\FoldersProcessor.cs:20 
  at Doozy.Editor.Internal.FoldersProcessor..cctor () [0x00001] in D:\suraksha\UnityProject\TestingVR\Assets\Doozy\Editor\Internal\FoldersProcessor.cs:15 
UnityEngine.StackTraceUtility:ExtractStackTrace ()
UnityEngine.DebugLogHandler:LogFormat (UnityEngine.LogType,UnityEngine.Object,string,object[])
UnityEngine.Logger:Log (UnityEngine.LogType,object)
UnityEngine.Debug:LogError (object)
UnityEditor.EditorAssemblies:ProcessInitializeOnLoadAttributes (System.Type[])

Mono: successfully reloaded assembly
- Completed reload, in  1.233 seconds
Domain Reload Profiling:
	ReloadAssembly (1234ms)
		BeginReloadAssembly (120ms)
			ExecutionOrderSort (0ms)
			DisableScriptedObjects (13ms)
			BackupInstance (0ms)
			ReleaseScriptingObjects (0ms)
			CreateAndSetChildDomain (44ms)
		EndReloadAssembly (1062ms)
			LoadAssemblies (83ms)
			RebuildTransferFunctionScriptingTraits (0ms)
			SetupTypeCache (385ms)
			ReleaseScriptCaches (1ms)
			RebuildScriptCaches (59ms)
			SetupLoadedEditorAssemblies (410ms)
				LogAssemblyErrors (0ms)
				InitializePlatformSupportModulesInManaged (5ms)
				SetLoadedEditorAssemblies (0ms)
				RefreshPlugins (1ms)
				BeforeProcessingInitializeOnLoad (61ms)
				ProcessInitializeOnLoadAttributes (258ms)
				ProcessInitializeOnLoadMethodAttributes (82ms)
				AfterProcessingInitializeOnLoad (2ms)
				EditorAssembliesLoaded (0ms)
			ExecutionOrderSort2 (0ms)
			AwakeInstancesAfterBackupRestoration (13ms)
Platform modules already initialized, skipping
Switching build target platform(19) subTarget(0) extendedPlatform(0) -> platform(13) subTarget(524294) extendedPlatform(0)
Shader 'Oculus/OVRMRCameraFrameLit': fallback shader 'Alpha-Diffuse' not found
Refreshing native plugins compatible for Editor in 1.50 ms, found 8 plugins.
Preloading 1 native plugins for Editor in 0.04 ms.
Unloading 4661 Unused Serialized files (Serialized files now loaded: 0)
System memory in use before: 203.3 MB.
System memory in use after: 203.5 MB.

Unloading 125 unused Assets to reduce memory usage. Loaded Objects now: 5274.
Total: 3.754700 ms (FindLiveObjects: 0.510300 ms CreateObjectMapping: 0.231100 ms MarkObjects: 2.913500 ms  DeleteObjects: 0.098600 ms)

AssetImportParameters requested are different than current active one (requested -> active):
  custom:framework-win-MediaFoundation: 216162199b28c13a410421893ffa2e32 -> 
  custom:video-decoder-ogg-theora: a1e56fd34408186e4bbccfd4996cb3dc -> 
  custom:container-muxer-webm: aa71ff27fc2769a1b78a27578f13a17b -> 
  custom:container-demuxer-webm: 4f35f7cbe854078d1ac9338744f61a02 -> 
  custom:container-demuxer-ogg: 62fdf1f143b41e24485cea50d1cbac27 -> 
  custom:video-encoder-webm-vp8: eb34c28f22e8b96e1ab97ce403110664 -> 
  custom:video-codec-MediaFoundation-h265: 746d11721c4dcdbdad8f713fa42b33f4 -> 
  custom:video-decoder-webm-vp8: 9c59270c3fd7afecdb556c50c9e8de78 -> 
  custom:graphics/normal-map-encoding: 01000000000000000000000000000000 -> 02000000000000000000000000000000
  custom:audio-decoder-ogg-vorbis: bf7c407c2cedff20999df2af8eb42d56 -> 
  custom:audio-encoder-webm-vorbis: bf7c407c2cedff20999df2af8eb42d56 -> 
========================================================================
Received Prepare
Registering precompiled user dll's ...
Registered in 0.005820 seconds.
Begin MonoManager ReloadAssembly
Symbol file LoadedFromMemory doesn't match image D:\suraksha\UnityProject\TestingVR\Library\PackageCache\com.unity.visualscripting@1.6.1\Editor\VisualScripting.Core\Dependencies\DotNetZip\Unity.VisualScripting.IonicZip.dll
Symbol file LoadedFromMemory doesn't match image D:\suraksha\UnityProject\TestingVR\Library\PackageCache\com.unity.visualscripting@1.6.1\Editor\VisualScripting.Core\Dependencies\YamlDotNet\Unity.VisualScripting.YamlDotNet.dll
Native extension for WindowsStandalone target not found
Refreshing native plugins compatible for Editor in 1.52 ms, found 8 plugins.
Preloading 1 native plugins for Editor in 0.05 ms.
System.TypeInitializationException: The type initializer for 'Doozy.Engine.Utils.DoozyPath' threw an exception. ---> System.ArgumentException: The specified path is not of a legal form (empty).
  at System.IO.Path.InsecureGetFullPath (System.String path) [0x00025] in <695d1cc93cca45069c528c15c9fdd749>:0 
  at System.IO.Path.GetFullPathInternal (System.String path) [0x00000] in <695d1cc93cca45069c528c15c9fdd749>:0 
  at System.IO.FileInfo.Init (System.String fileName, System.Boolean checkHost) [0x00007] in <695d1cc93cca45069c528c15c9fdd749>:0 
  at System.IO.FileInfo..ctor (System.String fileName) [0x00014] in <695d1cc93cca45069c528c15c9fdd749>:0 
  at (wrapper remoting-invoke-with-check) System.IO.FileInfo..ctor(string)
  at Doozy.Engine.Utils.DoozyPath.get_BasePath () [0x0003b] in D:\suraksha\UnityProject\TestingVR\Assets\Doozy\Engine\Utils\DoozyPath.cs:158 
  at Doozy.Engine.Utils.DoozyPath..cctor () [0x00000] in D:\suraksha\UnityProject\TestingVR\Assets\Doozy\Engine\Utils\DoozyPath.cs:62 
   --- End of inner exception stack trace ---
  at Doozy.Editor.Internal.ProcessorsSettings.get_Instance () [0x00018] in D:\suraksha\UnityProject\TestingVR\Assets\Doozy\Editor\Internal\ProcessorsSettings.cs:23 
  at Doozy.Editor.Internal.DoozyAssetsProcessor.ExecuteProcessor () [0x0003f] in D:\suraksha\UnityProject\TestingVR\Assets\Doozy\Editor\Internal\DoozyAssetsProcessor.cs:44 
  at Doozy.Editor.Internal.DoozyAssetsProcessor..cctor () [0x00001] in D:\suraksha\UnityProject\TestingVR\Assets\Doozy\Editor\Internal\DoozyAssetsProcessor.cs:25 
UnityEngine.StackTraceUtility:ExtractStackTrace ()
UnityEngine.DebugLogHandler:LogFormat (UnityEngine.LogType,UnityEngine.Object,string,object[])
UnityEngine.Logger:Log (UnityEngine.LogType,object)
UnityEngine.Debug:LogError (object)
UnityEditor.EditorAssemblies:ProcessInitializeOnLoadAttributes (System.Type[])

System.TypeInitializationException: The type initializer for 'Doozy.Engine.Utils.DoozyPath' threw an exception. ---> System.ArgumentException: The specified path is not of a legal form (empty).
  at System.IO.Path.InsecureGetFullPath (System.String path) [0x00025] in <695d1cc93cca45069c528c15c9fdd749>:0 
  at System.IO.Path.GetFullPathInternal (System.String path) [0x00000] in <695d1cc93cca45069c528c15c9fdd749>:0 
  at System.IO.FileInfo.Init (System.String fileName, System.Boolean checkHost) [0x00007] in <695d1cc93cca45069c528c15c9fdd749>:0 
  at System.IO.FileInfo..ctor (System.String fileName) [0x00014] in <695d1cc93cca45069c528c15c9fdd749>:0 
  at (wrapper remoting-invoke-with-check) System.IO.FileInfo..ctor(string)
  at Doozy.Engine.Utils.DoozyPath.get_BasePath () [0x0003b] in D:\suraksha\UnityProject\TestingVR\Assets\Doozy\Engine\Utils\DoozyPath.cs:158 
  at Doozy.Engine.Utils.DoozyPath..cctor () [0x00000] in D:\suraksha\UnityProject\TestingVR\Assets\Doozy\Engine\Utils\DoozyPath.cs:62 
   --- End of inner exception stack trace ---
  at Doozy.Editor.Internal.ProcessorsSettings.get_Instance () [0x00018] in D:\suraksha\UnityProject\TestingVR\Assets\Doozy\Editor\Internal\ProcessorsSettings.cs:23 
  at Doozy.Editor.Internal.FoldersProcessor.ExecuteProcessor () [0x0000c] in D:\suraksha\UnityProject\TestingVR\Assets\Doozy\Editor\Internal\FoldersProcessor.cs:20 
  at Doozy.Editor.Internal.FoldersProcessor..cctor () [0x00001] in D:\suraksha\UnityProject\TestingVR\Assets\Doozy\Editor\Internal\FoldersProcessor.cs:15 
UnityEngine.StackTraceUtility:ExtractStackTrace ()
UnityEngine.DebugLogHandler:LogFormat (UnityEngine.LogType,UnityEngine.Object,string,object[])
UnityEngine.Logger:Log (UnityEngine.LogType,object)
UnityEngine.Debug:LogError (object)
UnityEditor.EditorAssemblies:ProcessInitializeOnLoadAttributes (System.Type[])

Mono: successfully reloaded assembly
- Completed reload, in  1.400 seconds
Domain Reload Profiling:
	ReloadAssembly (1401ms)
		BeginReloadAssembly (116ms)
			ExecutionOrderSort (0ms)
			DisableScriptedObjects (8ms)
			BackupInstance (0ms)
			ReleaseScriptingObjects (0ms)
			CreateAndSetChildDomain (43ms)
		EndReloadAssembly (1226ms)
			LoadAssemblies (85ms)
			RebuildTransferFunctionScriptingTraits (0ms)
			SetupTypeCache (390ms)
			ReleaseScriptCaches (1ms)
			RebuildScriptCaches (81ms)
			SetupLoadedEditorAssemblies (487ms)
				LogAssemblyErrors (0ms)
				InitializePlatformSupportModulesInManaged (5ms)
				SetLoadedEditorAssemblies (0ms)
				RefreshPlugins (2ms)
				BeforeProcessingInitializeOnLoad (72ms)
				ProcessInitializeOnLoadAttributes (304ms)
				ProcessInitializeOnLoadMethodAttributes (102ms)
				AfterProcessingInitializeOnLoad (2ms)
				EditorAssembliesLoaded (0ms)
			ExecutionOrderSort2 (0ms)
			AwakeInstancesAfterBackupRestoration (13ms)
Platform modules already initialized, skipping
Switching build target platform(19) subTarget(0) extendedPlatform(0) -> platform(13) subTarget(524294) extendedPlatform(0)
Shader 'Oculus/OVRMRCameraFrameLit': fallback shader 'Alpha-Diffuse' not found
Refreshing native plugins compatible for Editor in 1.39 ms, found 8 plugins.
Preloading 1 native plugins for Editor in 0.03 ms.
Unloading 4661 Unused Serialized files (Serialized files now loaded: 0)
System memory in use before: 203.3 MB.
System memory in use after: 203.6 MB.

Unloading 125 unused Assets to reduce memory usage. Loaded Objects now: 5278.
Total: 3.503900 ms (FindLiveObjects: 0.405300 ms CreateObjectMapping: 0.199700 ms MarkObjects: 2.798900 ms  DeleteObjects: 0.099000 ms)

AssetImportParameters requested are different than current active one (requested -> active):
  custom:framework-win-MediaFoundation: 216162199b28c13a410421893ffa2e32 -> 
  custom:video-decoder-ogg-theora: a1e56fd34408186e4bbccfd4996cb3dc -> 
  custom:container-muxer-webm: aa71ff27fc2769a1b78a27578f13a17b -> 
  custom:container-demuxer-webm: 4f35f7cbe854078d1ac9338744f61a02 -> 
  custom:container-demuxer-ogg: 62fdf1f143b41e24485cea50d1cbac27 -> 
  custom:video-encoder-webm-vp8: eb34c28f22e8b96e1ab97ce403110664 -> 
  custom:video-codec-MediaFoundation-h265: 746d11721c4dcdbdad8f713fa42b33f4 -> 
  custom:video-decoder-webm-vp8: 9c59270c3fd7afecdb556c50c9e8de78 -> 
  custom:graphics/normal-map-encoding: 01000000000000000000000000000000 -> 02000000000000000000000000000000
  custom:audio-decoder-ogg-vorbis: bf7c407c2cedff20999df2af8eb42d56 -> 
  custom:audio-encoder-webm-vorbis: bf7c407c2cedff20999df2af8eb42d56 -> 
========================================================================
Received Prepare
Shader 'Oculus/OVRMRCameraFrameLit': fallback shader 'Alpha-Diffuse' not found
Refreshing native plugins compatible for Editor in 8.01 ms, found 8 plugins.
Preloading 1 native plugins for Editor in 0.03 ms.
Unloading 45 Unused Serialized files (Serialized files now loaded: 0)
System memory in use before: 105.5 MB.
System memory in use after: 105.7 MB.

Unloading 45 unused Assets to reduce memory usage. Loaded Objects now: 5278.
Total: 3.650200 ms (FindLiveObjects: 0.367000 ms CreateObjectMapping: 0.336800 ms MarkObjects: 2.872200 ms  DeleteObjects: 0.073200 ms)

AssetImportParameters requested are different than current active one (requested -> active):
  custom:framework-win-MediaFoundation: 216162199b28c13a410421893ffa2e32 -> 
  custom:video-decoder-ogg-theora: a1e56fd34408186e4bbccfd4996cb3dc -> 
  custom:container-muxer-webm: aa71ff27fc2769a1b78a27578f13a17b -> 
  custom:container-demuxer-webm: 4f35f7cbe854078d1ac9338744f61a02 -> 
  custom:container-demuxer-ogg: 62fdf1f143b41e24485cea50d1cbac27 -> 
  custom:video-encoder-webm-vp8: eb34c28f22e8b96e1ab97ce403110664 -> 
  custom:video-codec-MediaFoundation-h265: 746d11721c4dcdbdad8f713fa42b33f4 -> 
  custom:video-decoder-webm-vp8: 9c59270c3fd7afecdb556c50c9e8de78 -> 
  custom:audio-decoder-ogg-vorbis: bf7c407c2cedff20999df2af8eb42d56 -> 
  custom:audio-encoder-webm-vorbis: bf7c407c2cedff20999df2af8eb42d56 -> 
AssetImportWorkerClient::OnTransportError - code=2 error=End of file
